[0618/152701.957:ERROR:process_memory_win.cc(73)] ReadMemory at 0x7ff773c70000 of 64 bytes failed: Only part of a ReadProcessMemory or WriteProcessMemory request was completed. (0x12B)
[0618/152702.512:WARNING:pe_image_reader.cc(340)] could not read dos header from C:\Program Files (x86)\Google\Chrome\Application\chrome.exe
[0618/152702.512:ERROR:process_memory_win.cc(73)] ReadMemory at 0x7ffe25680000 of 64 bytes failed: Only part of a ReadProcessMemory or WriteProcessMemory request was completed. (0x12B)
[0618/152702.512:WARNING:pe_image_reader.cc(340)] could not read dos header from C:\WINDOWS\SYSTEM32\ntdll.dll
[0618/152702.512:ERROR:process_memory_win.cc(73)] ReadMemory at 0x7ffe243a0000 of 64 bytes failed: Only part of a ReadProcessMemory or WriteProcessMemory request was completed. (0x12B)
[0618/152702.524:WARNING:pe_image_reader.cc(340)] could not read dos header from C:\WINDOWS\System32\KERNEL32.DLL
[0618/152702.524:ERROR:process_memory_win.cc(73)] ReadMemory at 0x7ffe22260000 of 64 bytes failed: Only part of a ReadProcessMemory or WriteProcessMemory request was completed. (0x12B)
[0618/152702.525:WARNING:pe_image_reader.cc(340)] could not read dos header from C:\WINDOWS\System32\KERNELBASE.dll
[0618/152702.525:ERROR:process_memory_win.cc(73)] ReadMemory at 0x7ffdf8180000 of 64 bytes failed: Only part of a ReadProcessMemory or WriteProcessMemory request was completed. (0x12B)
[0618/152702.525:WARNING:pe_image_reader.cc(340)] could not read dos header from C:\Program Files (x86)\Google\Chrome\Application\80.0.3987.163\chrome_elf.dll
[0618/152702.525:ERROR:process_memory_win.cc(73)] ReadMemory at 0x7ffe1c6d0000 of 64 bytes failed: Only part of a ReadProcessMemory or WriteProcessMemory request was completed. (0x12B)
[0618/152702.525:WARNING:pe_image_reader.cc(340)] could not read dos header from C:\WINDOWS\SYSTEM32\VERSION.dll
[0618/152702.525:ERROR:process_memory_win.cc(73)] ReadMemory at 0x7ffe25220000 of 64 bytes failed: Only part of a ReadProcessMemory or WriteProcessMemory request was completed. (0x12B)
[0618/152702.525:WARNING:pe_image_reader.cc(340)] could not read dos header from C:\WINDOWS\System32\msvcrt.dll
[0618/152702.525:ERROR:process_memory_win.cc(73)] ReadMemory at 0x7ffe22780000 of 64 bytes failed: Only part of a ReadProcessMemory or WriteProcessMemory request was completed. (0x12B)
[0618/152702.525:WARNING:pe_image_reader.cc(340)] could not read dos header from C:\WINDOWS\System32\bcryptPrimitives.dll
[0618/152702.525:ERROR:process_memory_win.cc(73)] ReadMemory at 0x7ffe25510000 of 64 bytes failed: Only part of a ReadProcessMemory or WriteProcessMemory request was completed. (0x12B)
[0618/152702.525:WARNING:pe_image_reader.cc(340)] could not read dos header from C:\WINDOWS\System32\ADVAPI32.dll
[0618/152702.525:ERROR:process_memory_win.cc(73)] ReadMemory at 0x7ffe250a0000 of 64 bytes failed: Only part of a ReadProcessMemory or WriteProcessMemory request was completed. (0x12B)
[0618/152702.525:WARNING:pe_image_reader.cc(340)] could not read dos header from C:\WINDOWS\System32\sechost.dll
[0618/152702.525:ERROR:process_memory_win.cc(73)] ReadMemory at 0x7ffe24f70000 of 64 bytes failed: Only part of a ReadProcessMemory or WriteProcessMemory request was completed. (0x12B)
[0618/152702.525:WARNING:pe_image_reader.cc(340)] could not read dos header from C:\WINDOWS\System32\RPCRT4.dll
[0618/152702.525:ERROR:process_memory_win.cc(73)] ReadMemory at 0x7ffdbff10000 of 64 bytes failed: Only part of a ReadProcessMemory or WriteProcessMemory request was completed. (0x12B)
[0618/152702.525:WARNING:pe_image_reader.cc(340)] could not read dos header from C:\Program Files (x86)\Google\Chrome\Application\80.0.3987.163\chrome.dll
[0618/152702.525:ERROR:process_memory_win.cc(73)] ReadMemory at 0x7ffe24ea0000 of 64 bytes failed: Only part of a ReadProcessMemory or WriteProcessMemory request was completed. (0x12B)
[0618/152702.525:WARNING:pe_image_reader.cc(340)] could not read dos header from C:\WINDOWS\System32\WS2_32.dll
[0618/152702.525:ERROR:process_memory_win.cc(73)] ReadMemory at 0x7ffe252c0000 of 64 bytes failed: Only part of a ReadProcessMemory or WriteProcessMemory request was completed. (0x12B)
[0618/152702.526:WARNING:pe_image_reader.cc(340)] could not read dos header from C:\WINDOWS\System32\OLEAUT32.dll
[0618/152702.526:ERROR:process_memory_win.cc(73)] ReadMemory at 0x7ffe228d0000 of 64 bytes failed: Only part of a ReadProcessMemory or WriteProcessMemory request was completed. (0x12B)
[0618/152702.526:WARNING:pe_image_reader.cc(340)] could not read dos header from C:\WINDOWS\System32\msvcp_win.dll
[0618/152702.526:ERROR:process_memory_win.cc(73)] ReadMemory at 0x7ffe21a50000 of 64 bytes failed: Only part of a ReadProcessMemory or WriteProcessMemory request was completed. (0x12B)
[0618/152702.526:WARNING:pe_image_reader.cc(340)] could not read dos header from C:\WINDOWS\System32\ucrtbase.dll
[0618/152702.526:ERROR:process_memory_win.cc(73)] ReadMemory at 0x7ffe244c0000 of 64 bytes failed: Only part of a ReadProcessMemory or WriteProcessMemory request was completed. (0x12B)
[0618/152702.526:WARNING:pe_image_reader.cc(340)] could not read dos header from C:\WINDOWS\System32\combase.dll
[0618/152702.526:ERROR:process_memory_win.cc(73)] ReadMemory at 0x7ffe22850000 of 64 bytes failed: Only part of a ReadProcessMemory or WriteProcessMemory request was completed. (0x12B)
[0618/152702.526:WARNING:pe_image_reader.cc(340)] could not read dos header from C:\WINDOWS\System32\WINTRUST.dll
[0618/152702.526:ERROR:process_memory_win.cc(73)] ReadMemory at 0x7ffe21a30000 of 64 bytes failed: Only part of a ReadProcessMemory or WriteProcessMemory request was completed. (0x12B)
[0618/152702.526:WARNING:pe_image_reader.cc(340)] could not read dos header from C:\WINDOWS\System32\MSASN1.dll
[0618/152702.526:ERROR:process_memory_win.cc(73)] ReadMemory at 0x7ffe224e0000 of 64 bytes failed: Only part of a ReadProcessMemory or WriteProcessMemory request was completed. (0x12B)
[0618/152702.526:WARNING:pe_image_reader.cc(340)] could not read dos header from C:\WINDOWS\System32\CRYPT32.dll
[0618/152702.526:ERROR:process_memory_win.cc(73)] ReadMemory at 0x7ffe20f40000 of 64 bytes failed: Only part of a ReadProcessMemory or WriteProcessMemory request was completed. (0x12B)
[0618/152702.526:WARNING:pe_image_reader.cc(340)] could not read dos header from C:\WINDOWS\SYSTEM32\IPHLPAPI.DLL
[0618/152702.526:ERROR:process_memory_win.cc(73)] ReadMemory at 0x7ffe1c210000 of 64 bytes failed: Only part of a ReadProcessMemory or WriteProcessMemory request was completed. (0x12B)
[0618/152702.526:WARNING:pe_image_reader.cc(340)] could not read dos header from C:\WINDOWS\SYSTEM32\WINMM.dll
[0618/152702.526:ERROR:process_memory_win.cc(73)] ReadMemory at 0x7ffe1db30000 of 64 bytes failed: Only part of a ReadProcessMemory or WriteProcessMemory request was completed. (0x12B)
[0618/152702.526:WARNING:pe_image_reader.cc(340)] could not read dos header from C:\WINDOWS\SYSTEM32\Secur32.dll
[0618/152702.526:ERROR:process_memory_win.cc(73)] ReadMemory at 0x7ffe218c0000 of 64 bytes failed: Only part of a ReadProcessMemory or WriteProcessMemory request was completed. (0x12B)
[0618/152702.526:WARNING:pe_image_reader.cc(340)] could not read dos header from C:\WINDOWS\SYSTEM32\USERENV.dll
[0618/152702.526:ERROR:process_memory_win.cc(73)] ReadMemory at 0x7ffe21990000 of 64 bytes failed: Only part of a ReadProcessMemory or WriteProcessMemory request was completed. (0x12B)
[0618/152702.527:WARNING:pe_image_reader.cc(340)] could not read dos header from C:\WINDOWS\System32\profapi.dll
[0618/152702.527:ERROR:process_memory_win.cc(73)] ReadMemory at 0x7ffe09a70000 of 64 bytes failed: Only part of a ReadProcessMemory or WriteProcessMemory request was completed. (0x12B)
[0618/152702.527:WARNING:pe_image_reader.cc(340)] could not read dos header from C:\WINDOWS\SYSTEM32\UIAutomationCore.DLL
[0618/152702.527:ERROR:process_memory_win.cc(73)] ReadMemory at 0x7ffe0ebf0000 of 64 bytes failed: Only part of a ReadProcessMemory or WriteProcessMemory request was completed. (0x12B)
[0618/152702.527:WARNING:pe_image_reader.cc(340)] could not read dos header from C:\WINDOWS\SYSTEM32\DWrite.dll
[0618/152702.527:ERROR:process_memory_win.cc(73)] ReadMemory at 0x7ffe02240000 of 64 bytes failed: Only part of a ReadProcessMemory or WriteProcessMemory request was completed. (0x12B)
[0618/152702.527:WARNING:pe_image_reader.cc(340)] could not read dos header from C:\WINDOWS\SYSTEM32\WINSPOOL.DRV
[0618/152702.527:ERROR:process_memory_win.cc(73)] ReadMemory at 0x7ffe21a00000 of 64 bytes failed: Only part of a ReadProcessMemory or WriteProcessMemory request was completed. (0x12B)
[0618/152702.527:WARNING:pe_image_reader.cc(340)] could not read dos header from C:\WINDOWS\System32\kernel.appcore.dll
[0618/152702.527:ERROR:process_memory_win.cc(73)] ReadMemory at 0x7ffe1c360000 of 64 bytes failed: Only part of a ReadProcessMemory or WriteProcessMemory request was completed. (0x12B)
[0618/152702.527:WARNING:pe_image_reader.cc(340)] could not read dos header from C:\WINDOWS\SYSTEM32\dbghelp.dll
[0618/152702.527:ERROR:process_memory_win.cc(73)] ReadMemory at 0x7ffe1c930000 of 64 bytes failed: Only part of a ReadProcessMemory or WriteProcessMemory request was completed. (0x12B)
[0618/152702.527:WARNING:pe_image_reader.cc(340)] could not read dos header from C:\WINDOWS\SYSTEM32\WINHTTP.dll
[0618/152702.527:ERROR:process_memory_win.cc(73)] ReadMemory at 0x7ffe1cc40000 of 64 bytes failed: Only part of a ReadProcessMemory or WriteProcessMemory request was completed. (0x12B)
[0618/152702.527:WARNING:pe_image_reader.cc(340)] could not read dos header from C:\WINDOWS\SYSTEM32\dhcpcsvc.DLL
[0618/152702.527:ERROR:process_memory_win.cc(73)] ReadMemory at 0x7ffe24cc0000 of 64 bytes failed: Only part of a ReadProcessMemory or WriteProcessMemory request was completed. (0x12B)
[0618/152702.527:WARNING:pe_image_reader.cc(340)] could not read dos header from C:\WINDOWS\System32\NSI.dll
[0618/152702.527:ERROR:process_memory_win.cc(73)] ReadMemory at 0x7ffe1c1e0000 of 64 bytes failed: Only part of a ReadProcessMemory or WriteProcessMemory request was completed. (0x12B)
[0618/152702.527:WARNING:pe_image_reader.cc(340)] could not read dos header from C:\WINDOWS\SYSTEM32\WINMMBASE.dll
[0618/152702.527:ERROR:process_memory_win.cc(73)] ReadMemory at 0x7ffe22800000 of 64 bytes failed: Only part of a ReadProcessMemory or WriteProcessMemory request was completed. (0x12B)
[0618/152702.527:WARNING:pe_image_reader.cc(340)] could not read dos header from C:\WINDOWS\System32\cfgmgr32.dll
[0618/152702.528:ERROR:process_memory_win.cc(73)] ReadMemory at 0x7ffe1bdb0000 of 64 bytes failed: Only part of a ReadProcessMemory or WriteProcessMemory request was completed. (0x12B)
[0618/152702.528:WARNING:pe_image_reader.cc(340)] could not read dos header from C:\WINDOWS\SYSTEM32\PROPSYS.dll
[0618/152702.528:ERROR:process_memory_win.cc(73)] ReadMemory at 0x7ffe240c0000 of 64 bytes failed: Only part of a ReadProcessMemory or WriteProcessMemory request was completed. (0x12B)
[0618/152702.528:WARNING:pe_image_reader.cc(340)] could not read dos header from C:\WINDOWS\System32\shcore.dll
[0618/152702.528:ERROR:process_memory_win.cc(73)] ReadMemory at 0x7ffe214f0000 of 64 bytes failed: Only part of a ReadProcessMemory or WriteProcessMemory request was completed. (0x12B)
[0618/152702.528:WARNING:pe_image_reader.cc(340)] could not read dos header from C:\WINDOWS\SYSTEM32\bcrypt.dll
[0618/152702.528:ERROR:process_memory_win.cc(73)] ReadMemory at 0x7ffe21890000 of 64 bytes failed: Only part of a ReadProcessMemory or WriteProcessMemory request was completed. (0x12B)
[0618/152702.528:WARNING:pe_image_reader.cc(340)] could not read dos header from C:\WINDOWS\SYSTEM32\SSPICLI.DLL
[0618/152702.528:ERROR:process_memory_win.cc(73)] ReadMemory at 0x7ffe21380000 of 64 bytes failed: Only part of a ReadProcessMemory or WriteProcessMemory request was completed. (0x12B)
[0618/152702.528:WARNING:pe_image_reader.cc(340)] could not read dos header from C:\WINDOWS\SYSTEM32\CRYPTBASE.DLL
[0618/152702.528:ERROR:process_memory_win.cc(73)] ReadMemory at 0x7ff773c70000 of 64 bytes failed: Only part of a ReadProcessMemory or WriteProcessMemory request was completed. (0x12B)
[0618/152702.528:WARNING:pe_image_reader.cc(340)] could not read dos header from C:\Program Files (x86)\Google\Chrome\Application\chrome.exe
[0618/152702.528:ERROR:process_memory_win.cc(73)] ReadMemory at 0x7ffe25680000 of 64 bytes failed: Only part of a ReadProcessMemory or WriteProcessMemory request was completed. (0x12B)
[0618/152702.528:WARNING:pe_image_reader.cc(340)] could not read dos header from C:\WINDOWS\SYSTEM32\ntdll.dll
[0618/152702.528:ERROR:process_memory_win.cc(73)] ReadMemory at 0x7ffe243a0000 of 64 bytes failed: Only part of a ReadProcessMemory or WriteProcessMemory request was completed. (0x12B)
[0618/152702.528:WARNING:pe_image_reader.cc(340)] could not read dos header from C:\WINDOWS\System32\KERNEL32.DLL
[0618/152702.528:ERROR:process_memory_win.cc(73)] ReadMemory at 0x7ffe22260000 of 64 bytes failed: Only part of a ReadProcessMemory or WriteProcessMemory request was completed. (0x12B)
[0618/152702.528:WARNING:pe_image_reader.cc(340)] could not read dos header from C:\WINDOWS\System32\KERNELBASE.dll
[0618/152702.528:ERROR:process_memory_win.cc(73)] ReadMemory at 0x7ffdf8180000 of 64 bytes failed: Only part of a ReadProcessMemory or WriteProcessMemory request was completed. (0x12B)
[0618/152702.528:WARNING:pe_image_reader.cc(340)] could not read dos header from C:\Program Files (x86)\Google\Chrome\Application\80.0.3987.163\chrome_elf.dll
[0618/152702.529:ERROR:process_memory_win.cc(73)] ReadMemory at 0x7ffe1c6d0000 of 64 bytes failed: Only part of a ReadProcessMemory or WriteProcessMemory request was completed. (0x12B)
[0618/152702.529:WARNING:pe_image_reader.cc(340)] could not read dos header from C:\WINDOWS\SYSTEM32\VERSION.dll
[0618/152702.529:ERROR:process_memory_win.cc(73)] ReadMemory at 0x7ffe25220000 of 64 bytes failed: Only part of a ReadProcessMemory or WriteProcessMemory request was completed. (0x12B)
[0618/152702.529:WARNING:pe_image_reader.cc(340)] could not read dos header from C:\WINDOWS\System32\msvcrt.dll
[0618/152702.529:ERROR:process_memory_win.cc(73)] ReadMemory at 0x7ffe22780000 of 64 bytes failed: Only part of a ReadProcessMemory or WriteProcessMemory request was completed. (0x12B)
[0618/152702.529:WARNING:pe_image_reader.cc(340)] could not read dos header from C:\WINDOWS\System32\bcryptPrimitives.dll
[0618/152702.529:ERROR:process_memory_win.cc(73)] ReadMemory at 0x7ffe25510000 of 64 bytes failed: Only part of a ReadProcessMemory or WriteProcessMemory request was completed. (0x12B)
[0618/152702.529:WARNING:pe_image_reader.cc(340)] could not read dos header from C:\WINDOWS\System32\ADVAPI32.dll
[0618/152702.529:ERROR:process_memory_win.cc(73)] ReadMemory at 0x7ffe250a0000 of 64 bytes failed: Only part of a ReadProcessMemory or WriteProcessMemory request was completed. (0x12B)
[0618/152702.529:WARNING:pe_image_reader.cc(340)] could not read dos header from C:\WINDOWS\System32\sechost.dll
[0618/152702.529:ERROR:process_memory_win.cc(73)] ReadMemory at 0x7ffe24f70000 of 64 bytes failed: Only part of a ReadProcessMemory or WriteProcessMemory request was completed. (0x12B)
[0618/152702.529:WARNING:pe_image_reader.cc(340)] could not read dos header from C:\WINDOWS\System32\RPCRT4.dll
[0618/152702.529:ERROR:process_memory_win.cc(73)] ReadMemory at 0x7ffdbff10000 of 64 bytes failed: Only part of a ReadProcessMemory or WriteProcessMemory request was completed. (0x12B)
[0618/152702.529:WARNING:pe_image_reader.cc(340)] could not read dos header from C:\Program Files (x86)\Google\Chrome\Application\80.0.3987.163\chrome.dll
[0618/152702.529:ERROR:process_memory_win.cc(73)] ReadMemory at 0x7ffe24ea0000 of 64 bytes failed: Only part of a ReadProcessMemory or WriteProcessMemory request was completed. (0x12B)
[0618/152702.529:WARNING:pe_image_reader.cc(340)] could not read dos header from C:\WINDOWS\System32\WS2_32.dll
[0618/152702.529:ERROR:process_memory_win.cc(73)] ReadMemory at 0x7ffe252c0000 of 64 bytes failed: Only part of a ReadProcessMemory or WriteProcessMemory request was completed. (0x12B)
[0618/152702.529:WARNING:pe_image_reader.cc(340)] could not read dos header from C:\WINDOWS\System32\OLEAUT32.dll
[0618/152702.529:ERROR:process_memory_win.cc(73)] ReadMemory at 0x7ffe228d0000 of 64 bytes failed: Only part of a ReadProcessMemory or WriteProcessMemory request was completed. (0x12B)
[0618/152702.530:WARNING:pe_image_reader.cc(340)] could not read dos header from C:\WINDOWS\System32\msvcp_win.dll
[0618/152702.530:ERROR:process_memory_win.cc(73)] ReadMemory at 0x7ffe21a50000 of 64 bytes failed: Only part of a ReadProcessMemory or WriteProcessMemory request was completed. (0x12B)
[0618/152702.530:WARNING:pe_image_reader.cc(340)] could not read dos header from C:\WINDOWS\System32\ucrtbase.dll
[0618/152702.530:ERROR:process_memory_win.cc(73)] ReadMemory at 0x7ffe244c0000 of 64 bytes failed: Only part of a ReadProcessMemory or WriteProcessMemory request was completed. (0x12B)
[0618/152702.530:WARNING:pe_image_reader.cc(340)] could not read dos header from C:\WINDOWS\System32\combase.dll
[0618/152702.530:ERROR:process_memory_win.cc(73)] ReadMemory at 0x7ffe22850000 of 64 bytes failed: Only part of a ReadProcessMemory or WriteProcessMemory request was completed. (0x12B)
[0618/152702.530:WARNING:pe_image_reader.cc(340)] could not read dos header from C:\WINDOWS\System32\WINTRUST.dll
[0618/152702.530:ERROR:process_memory_win.cc(73)] ReadMemory at 0x7ffe21a30000 of 64 bytes failed: Only part of a ReadProcessMemory or WriteProcessMemory request was completed. (0x12B)
[0618/152702.530:WARNING:pe_image_reader.cc(340)] could not read dos header from C:\WINDOWS\System32\MSASN1.dll
[0618/152702.530:ERROR:process_memory_win.cc(73)] ReadMemory at 0x7ffe224e0000 of 64 bytes failed: Only part of a ReadProcessMemory or WriteProcessMemory request was completed. (0x12B)
[0618/152702.530:WARNING:pe_image_reader.cc(340)] could not read dos header from C:\WINDOWS\System32\CRYPT32.dll
[0618/152702.530:ERROR:process_memory_win.cc(73)] ReadMemory at 0x7ffe20f40000 of 64 bytes failed: Only part of a ReadProcessMemory or WriteProcessMemory request was completed. (0x12B)
[0618/152702.530:WARNING:pe_image_reader.cc(340)] could not read dos header from C:\WINDOWS\SYSTEM32\IPHLPAPI.DLL
[0618/152702.530:ERROR:process_memory_win.cc(73)] ReadMemory at 0x7ffe1c210000 of 64 bytes failed: Only part of a ReadProcessMemory or WriteProcessMemory request was completed. (0x12B)
[0618/152702.530:WARNING:pe_image_reader.cc(340)] could not read dos header from C:\WINDOWS\SYSTEM32\WINMM.dll
[0618/152702.530:ERROR:process_memory_win.cc(73)] ReadMemory at 0x7ffe1db30000 of 64 bytes failed: Only part of a ReadProcessMemory or WriteProcessMemory request was completed. (0x12B)
[0618/152702.530:WARNING:pe_image_reader.cc(340)] could not read dos header from C:\WINDOWS\SYSTEM32\Secur32.dll
[0618/152702.530:ERROR:process_memory_win.cc(73)] ReadMemory at 0x7ffe218c0000 of 64 bytes failed: Only part of a ReadProcessMemory or WriteProcessMemory request was completed. (0x12B)
[0618/152702.530:WARNING:pe_image_reader.cc(340)] could not read dos header from C:\WINDOWS\SYSTEM32\USERENV.dll
[0618/152702.530:ERROR:process_memory_win.cc(73)] ReadMemory at 0x7ffe21990000 of 64 bytes failed: Only part of a ReadProcessMemory or WriteProcessMemory request was completed. (0x12B)
[0618/152702.530:WARNING:pe_image_reader.cc(340)] could not read dos header from C:\WINDOWS\System32\profapi.dll
[0618/152702.530:ERROR:process_memory_win.cc(73)] ReadMemory at 0x7ffe09a70000 of 64 bytes failed: Only part of a ReadProcessMemory or WriteProcessMemory request was completed. (0x12B)
[0618/152702.531:WARNING:pe_image_reader.cc(340)] could not read dos header from C:\WINDOWS\SYSTEM32\UIAutomationCore.DLL
[0618/152702.531:ERROR:process_memory_win.cc(73)] ReadMemory at 0x7ffe0ebf0000 of 64 bytes failed: Only part of a ReadProcessMemory or WriteProcessMemory request was completed. (0x12B)
[0618/152702.531:WARNING:pe_image_reader.cc(340)] could not read dos header from C:\WINDOWS\SYSTEM32\DWrite.dll
[0618/152702.531:ERROR:process_memory_win.cc(73)] ReadMemory at 0x7ffe02240000 of 64 bytes failed: Only part of a ReadProcessMemory or WriteProcessMemory request was completed. (0x12B)
[0618/152702.531:WARNING:pe_image_reader.cc(340)] could not read dos header from C:\WINDOWS\SYSTEM32\WINSPOOL.DRV
[0618/152702.531:ERROR:process_memory_win.cc(73)] ReadMemory at 0x7ffe21a00000 of 64 bytes failed: Only part of a ReadProcessMemory or WriteProcessMemory request was completed. (0x12B)
[0618/152702.531:WARNING:pe_image_reader.cc(340)] could not read dos header from C:\WINDOWS\System32\kernel.appcore.dll
[0618/152702.531:ERROR:process_memory_win.cc(73)] ReadMemory at 0x7ffe1c360000 of 64 bytes failed: Only part of a ReadProcessMemory or WriteProcessMemory request was completed. (0x12B)
[0618/152702.531:WARNING:pe_image_reader.cc(340)] could not read dos header from C:\WINDOWS\SYSTEM32\dbghelp.dll
[0618/152702.531:ERROR:process_memory_win.cc(73)] ReadMemory at 0x7ffe1c930000 of 64 bytes failed: Only part of a ReadProcessMemory or WriteProcessMemory request was completed. (0x12B)
[0618/152702.531:WARNING:pe_image_reader.cc(340)] could not read dos header from C:\WINDOWS\SYSTEM32\WINHTTP.dll
[0618/152702.531:ERROR:process_memory_win.cc(73)] ReadMemory at 0x7ffe1cc40000 of 64 bytes failed: Only part of a ReadProcessMemory or WriteProcessMemory request was completed. (0x12B)
[0618/152702.531:WARNING:pe_image_reader.cc(340)] could not read dos header from C:\WINDOWS\SYSTEM32\dhcpcsvc.DLL
[0618/152702.531:ERROR:process_memory_win.cc(73)] ReadMemory at 0x7ffe24cc0000 of 64 bytes failed: Only part of a ReadProcessMemory or WriteProcessMemory request was completed. (0x12B)
[0618/152702.532:WARNING:pe_image_reader.cc(340)] could not read dos header from C:\WINDOWS\System32\NSI.dll
[0618/152702.532:ERROR:process_memory_win.cc(73)] ReadMemory at 0x7ffe1c1e0000 of 64 bytes failed: Only part of a ReadProcessMemory or WriteProcessMemory request was completed. (0x12B)
[0618/152702.532:WARNING:pe_image_reader.cc(340)] could not read dos header from C:\WINDOWS\SYSTEM32\WINMMBASE.dll
[0618/152702.532:ERROR:process_memory_win.cc(73)] ReadMemory at 0x7ffe22800000 of 64 bytes failed: Only part of a ReadProcessMemory or WriteProcessMemory request was completed. (0x12B)
[0618/152702.532:WARNING:pe_image_reader.cc(340)] could not read dos header from C:\WINDOWS\System32\cfgmgr32.dll
[0618/152702.532:ERROR:process_memory_win.cc(73)] ReadMemory at 0x7ffe1bdb0000 of 64 bytes failed: Only part of a ReadProcessMemory or WriteProcessMemory request was completed. (0x12B)
[0618/152702.532:WARNING:pe_image_reader.cc(340)] could not read dos header from C:\WINDOWS\SYSTEM32\PROPSYS.dll
[0618/152702.532:ERROR:process_memory_win.cc(73)] ReadMemory at 0x7ffe240c0000 of 64 bytes failed: Only part of a ReadProcessMemory or WriteProcessMemory request was completed. (0x12B)
[0618/152702.532:WARNING:pe_image_reader.cc(340)] could not read dos header from C:\WINDOWS\System32\shcore.dll
[0618/152702.532:ERROR:process_memory_win.cc(73)] ReadMemory at 0x7ffe214f0000 of 64 bytes failed: Only part of a ReadProcessMemory or WriteProcessMemory request was completed. (0x12B)
[0618/152702.532:WARNING:pe_image_reader.cc(340)] could not read dos header from C:\WINDOWS\SYSTEM32\bcrypt.dll
[0618/152702.532:ERROR:process_memory_win.cc(73)] ReadMemory at 0x7ffe21890000 of 64 bytes failed: Only part of a ReadProcessMemory or WriteProcessMemory request was completed. (0x12B)
[0618/152702.532:WARNING:pe_image_reader.cc(340)] could not read dos header from C:\WINDOWS\SYSTEM32\SSPICLI.DLL
[0618/152702.532:ERROR:process_memory_win.cc(73)] ReadMemory at 0x7ffe21380000 of 64 bytes failed: Only part of a ReadProcessMemory or WriteProcessMemory request was completed. (0x12B)
[0618/152702.532:WARNING:pe_image_reader.cc(340)] could not read dos header from C:\WINDOWS\SYSTEM32\CRYPTBASE.DLL
[0618/152702.565:ERROR:process_memory_win.cc(73)] ReadMemory at 0x6928bed000 of 77824 bytes failed: Only part of a ReadProcessMemory or WriteProcessMemory request was completed. (0x12B)
[0618/152702.566:ERROR:process_memory_win.cc(73)] ReadMemory at 0x69293fe000 of 8192 bytes failed: Only part of a ReadProcessMemory or WriteProcessMemory request was completed. (0x12B)
[0618/152702.566:ERROR:process_memory_win.cc(73)] ReadMemory at 0x6929bfd000 of 12288 bytes failed: Only part of a ReadProcessMemory or WriteProcessMemory request was completed. (0x12B)
[0618/152702.566:ERROR:process_memory_win.cc(73)] ReadMemory at 0x692abfc000 of 16384 bytes failed: Only part of a ReadProcessMemory or WriteProcessMemory request was completed. (0x12B)
[0618/152702.566:ERROR:process_memory_win.cc(73)] ReadMemory at 0x692b3fc000 of 16384 bytes failed: Only part of a ReadProcessMemory or WriteProcessMemory request was completed. (0x12B)
[0618/152702.566:ERROR:process_memory_win.cc(73)] ReadMemory at 0x692bbff000 of 4096 bytes failed: Only part of a ReadProcessMemory or WriteProcessMemory request was completed. (0x12B)
[0618/152702.566:ERROR:process_memory_win.cc(73)] ReadMemory at 0x692c3fd000 of 12288 bytes failed: Only part of a ReadProcessMemory or WriteProcessMemory request was completed. (0x12B)
[0618/152702.566:ERROR:process_memory_win.cc(73)] ReadMemory at 0x692cbfb000 of 20480 bytes failed: Only part of a ReadProcessMemory or WriteProcessMemory request was completed. (0x12B)
[0618/152702.566:ERROR:process_memory_win.cc(73)] ReadMemory at 0x692d3fd000 of 12288 bytes failed: Only part of a ReadProcessMemory or WriteProcessMemory request was completed. (0x12B)
[0618/152702.567:ERROR:process_memory_win.cc(73)] ReadMemory at 0x692dbf7000 of 36864 bytes failed: Only part of a ReadProcessMemory or WriteProcessMemory request was completed. (0x12B)
[0618/152702.567:ERROR:process_memory_win.cc(73)] ReadMemory at 0x692e3fd000 of 12288 bytes failed: Only part of a ReadProcessMemory or WriteProcessMemory request was completed. (0x12B)
[0618/152702.567:ERROR:process_memory_win.cc(73)] ReadMemory at 0x692a3fd000 of 12288 bytes failed: Only part of a ReadProcessMemory or WriteProcessMemory request was completed. (0x12B)
[0618/152702.567:ERROR:process_memory_win.cc(73)] ReadMemory at 0x692fbfd000 of 12288 bytes failed: Only part of a ReadProcessMemory or WriteProcessMemory request was completed. (0x12B)
[0618/152702.567:ERROR:process_memory_win.cc(73)] ReadMemory at 0x692ebfd000 of 12288 bytes failed: Only part of a ReadProcessMemory or WriteProcessMemory request was completed. (0x12B)
[0618/152702.567:ERROR:process_memory_win.cc(73)] ReadMemory at 0x692f3fd000 of 12288 bytes failed: Only part of a ReadProcessMemory or WriteProcessMemory request was completed. (0x12B)
[0618/152702.567:ERROR:process_memory_win.cc(73)] ReadMemory at 0x69282f3000 of 852 bytes failed: Only part of a ReadProcessMemory or WriteProcessMemory request was completed. (0x12B)
[0618/152702.567:ERROR:process_memory_win.cc(73)] ReadMemory at 0x69282f4000 of 6024 bytes failed: Only part of a ReadProcessMemory or WriteProcessMemory request was completed. (0x12B)
[0618/152702.568:ERROR:process_memory_win.cc(73)] ReadMemory at 0x69282f6000 of 6024 bytes failed: Only part of a ReadProcessMemory or WriteProcessMemory request was completed. (0x12B)
[0618/152702.568:ERROR:process_memory_win.cc(73)] ReadMemory at 0x69282f8000 of 6024 bytes failed: Only part of a ReadProcessMemory or WriteProcessMemory request was completed. (0x12B)
[0618/152702.568:ERROR:process_memory_win.cc(73)] ReadMemory at 0x69282fc000 of 6024 bytes failed: Only part of a ReadProcessMemory or WriteProcessMemory request was completed. (0x12B)
[0618/152702.568:ERROR:process_memory_win.cc(73)] ReadMemory at 0x69282fe000 of 6024 bytes failed: Only part of a ReadProcessMemory or WriteProcessMemory request was completed. (0x12B)
[0618/152702.568:ERROR:process_memory_win.cc(73)] ReadMemory at 0x6928300000 of 6024 bytes failed: Only part of a ReadProcessMemory or WriteProcessMemory request was completed. (0x12B)
[0618/152702.568:ERROR:process_memory_win.cc(73)] ReadMemory at 0x6928302000 of 6024 bytes failed: Only part of a ReadProcessMemory or WriteProcessMemory request was completed. (0x12B)
[0618/152702.568:ERROR:process_memory_win.cc(73)] ReadMemory at 0x6928304000 of 6024 bytes failed: Only part of a ReadProcessMemory or WriteProcessMemory request was completed. (0x12B)
[0618/152702.569:ERROR:process_memory_win.cc(73)] ReadMemory at 0x6928306000 of 6024 bytes failed: Only part of a ReadProcessMemory or WriteProcessMemory request was completed. (0x12B)
[0618/152702.569:ERROR:process_memory_win.cc(73)] ReadMemory at 0x6928308000 of 6024 bytes failed: Only part of a ReadProcessMemory or WriteProcessMemory request was completed. (0x12B)
[0618/152702.569:ERROR:process_memory_win.cc(73)] ReadMemory at 0x692830a000 of 6024 bytes failed: Only part of a ReadProcessMemory or WriteProcessMemory request was completed. (0x12B)
[0618/152702.569:ERROR:process_memory_win.cc(73)] ReadMemory at 0x6928312000 of 6024 bytes failed: Only part of a ReadProcessMemory or WriteProcessMemory request was completed. (0x12B)
[0618/152702.569:ERROR:process_memory_win.cc(73)] ReadMemory at 0x6928332000 of 6024 bytes failed: Only part of a ReadProcessMemory or WriteProcessMemory request was completed. (0x12B)
[0618/152702.569:ERROR:process_memory_win.cc(73)] ReadMemory at 0x6928334000 of 6024 bytes failed: Only part of a ReadProcessMemory or WriteProcessMemory request was completed. (0x12B)
[0618/152702.569:ERROR:process_memory_win.cc(73)] ReadMemory at 0x6928336000 of 6024 bytes failed: Only part of a ReadProcessMemory or WriteProcessMemory request was completed. (0x12B)
[0618/152702.569:ERROR:process_memory_win.cc(73)] ReadMemory at 0x21211a30ca0 of 512 bytes failed: Only part of a ReadProcessMemory or WriteProcessMemory request was completed. (0x12B)
[0618/152702.570:ERROR:process_memory_win.cc(73)] ReadMemory at 0x21211a312a0 of 512 bytes failed: Only part of a ReadProcessMemory or WriteProcessMemory request was completed. (0x12B)
[0618/152702.570:ERROR:process_memory_win.cc(73)] ReadMemory at 0x21211a90ab0 of 512 bytes failed: Only part of a ReadProcessMemory or WriteProcessMemory request was completed. (0x12B)
[0618/152702.570:ERROR:process_memory_win.cc(73)] ReadMemory at 0x21211a90fc0 of 4714 bytes failed: Only part of a ReadProcessMemory or WriteProcessMemory request was completed. (0x12B)
[0618/152702.570:ERROR:process_memory_win.cc(73)] ReadMemory at 0x21211a92240 of 1012 bytes failed: Only part of a ReadProcessMemory or WriteProcessMemory request was completed. (0x12B)
[0618/152702.570:ERROR:process_memory_win.cc(73)] ReadMemory at 0x21211a92858 of 118 bytes failed: Only part of a ReadProcessMemory or WriteProcessMemory request was completed. (0x12B)
[0618/152702.570:ERROR:process_memory_win.cc(73)] ReadMemory at 0x21211a928d0 of 796 bytes failed: Only part of a ReadProcessMemory or WriteProcessMemory request was completed. (0x12B)
[0618/152702.571:ERROR:process_memory_win.cc(73)] ReadMemory at 0x21211a92bee of 118 bytes failed: Only part of a ReadProcessMemory or WriteProcessMemory request was completed. (0x12B)
[0618/152702.571:ERROR:process_memory_win.cc(73)] ReadMemory at 0x21211a92c66 of 100 bytes failed: Only part of a ReadProcessMemory or WriteProcessMemory request was completed. (0x12B)
[0618/152702.571:ERROR:process_memory_win.cc(73)] ReadMemory at 0x21211a92ce0 of 58 bytes failed: Only part of a ReadProcessMemory or WriteProcessMemory request was completed. (0x12B)
[0618/152702.571:ERROR:process_memory_win.cc(73)] ReadMemory at 0x21211a92de0 of 132 bytes failed: Only part of a ReadProcessMemory or WriteProcessMemory request was completed. (0x12B)
[0618/152702.571:ERROR:process_memory_win.cc(73)] ReadMemory at 0x21211a92f70 of 132 bytes failed: Only part of a ReadProcessMemory or WriteProcessMemory request was completed. (0x12B)
[0618/152702.571:ERROR:process_memory_win.cc(73)] ReadMemory at 0x21211a93130 of 126 bytes failed: Only part of a ReadProcessMemory or WriteProcessMemory request was completed. (0x12B)
[0618/152702.571:ERROR:process_memory_win.cc(73)] ReadMemory at 0x21211a93510 of 132 bytes failed: Only part of a ReadProcessMemory or WriteProcessMemory request was completed. (0x12B)
[0618/152702.571:ERROR:process_memory_win.cc(73)] ReadMemory at 0x21211a936a0 of 64 bytes failed: Only part of a ReadProcessMemory or WriteProcessMemory request was completed. (0x12B)
[0618/152702.571:ERROR:process_memory_win.cc(73)] ReadMemory at 0x21211a936f0 of 132 bytes failed: Only part of a ReadProcessMemory or WriteProcessMemory request was completed. (0x12B)
[0618/152702.572:ERROR:process_memory_win.cc(73)] ReadMemory at 0x21211a93860 of 132 bytes failed: Only part of a ReadProcessMemory or WriteProcessMemory request was completed. (0x12B)
[0618/152702.572:ERROR:process_memory_win.cc(73)] ReadMemory at 0x21211a93af0 of 132 bytes failed: Only part of a ReadProcessMemory or WriteProcessMemory request was completed. (0x12B)
[0618/152702.572:ERROR:process_memory_win.cc(73)] ReadMemory at 0x21211a93c80 of 68 bytes failed: Only part of a ReadProcessMemory or WriteProcessMemory request was completed. (0x12B)
[0618/152702.572:ERROR:process_memory_win.cc(73)] ReadMemory at 0x21211a94b30 of 132 bytes failed: Only part of a ReadProcessMemory or WriteProcessMemory request was completed. (0x12B)
[0618/152702.572:ERROR:process_memory_win.cc(73)] ReadMemory at 0x21211a94cc0 of 154 bytes failed: Only part of a ReadProcessMemory or WriteProcessMemory request was completed. (0x12B)
[0618/152702.572:ERROR:process_memory_win.cc(73)] ReadMemory at 0x21211a95810 of 132 bytes failed: Only part of a ReadProcessMemory or WriteProcessMemory request was completed. (0x12B)
[0618/152702.572:ERROR:process_memory_win.cc(73)] ReadMemory at 0x21211a95ac0 of 62 bytes failed: Only part of a ReadProcessMemory or WriteProcessMemory request was completed. (0x12B)
[0618/152702.572:ERROR:process_memory_win.cc(73)] ReadMemory at 0x21211a95c70 of 54 bytes failed: Only part of a ReadProcessMemory or WriteProcessMemory request was completed. (0x12B)
[0618/152702.573:ERROR:process_memory_win.cc(73)] ReadMemory at 0x21211a95cb0 of 132 bytes failed: Only part of a ReadProcessMemory or WriteProcessMemory request was completed. (0x12B)
[0618/152702.573:ERROR:process_memory_win.cc(73)] ReadMemory at 0x21211a95de0 of 60 bytes failed: Only part of a ReadProcessMemory or WriteProcessMemory request was completed. (0x12B)
[0618/152702.573:ERROR:process_memory_win.cc(73)] ReadMemory at 0x21211a97a50 of 512 bytes failed: Only part of a ReadProcessMemory or WriteProcessMemory request was completed. (0x12B)
[0618/152702.573:ERROR:process_memory_win.cc(73)] ReadMemory at 0x21211a9a520 of 132 bytes failed: Only part of a ReadProcessMemory or WriteProcessMemory request was completed. (0x12B)
[0618/152702.573:ERROR:process_memory_win.cc(73)] ReadMemory at 0x21211a9a650 of 132 bytes failed: Only part of a ReadProcessMemory or WriteProcessMemory request was completed. (0x12B)
[0618/152702.573:ERROR:process_memory_win.cc(73)] ReadMemory at 0x21211a9a7e0 of 80 bytes failed: Only part of a ReadProcessMemory or WriteProcessMemory request was completed. (0x12B)
[0618/152702.573:ERROR:process_memory_win.cc(73)] ReadMemory at 0x21211a9a9d0 of 60 bytes failed: Only part of a ReadProcessMemory or WriteProcessMemory request was completed. (0x12B)
[0618/152702.573:ERROR:process_memory_win.cc(73)] ReadMemory at 0x21211a9aa20 of 62 bytes failed: Only part of a ReadProcessMemory or WriteProcessMemory request was completed. (0x12B)
[0618/152702.573:ERROR:process_memory_win.cc(73)] ReadMemory at 0x21211a9aa70 of 62 bytes failed: Only part of a ReadProcessMemory or WriteProcessMemory request was completed. (0x12B)
[0618/152702.573:ERROR:process_memory_win.cc(73)] ReadMemory at 0x21211a9aac0 of 64 bytes failed: Only part of a ReadProcessMemory or WriteProcessMemory request was completed. (0x12B)
[0618/152702.573:ERROR:process_memory_win.cc(73)] ReadMemory at 0x21211a9ab10 of 60 bytes failed: Only part of a ReadProcessMemory or WriteProcessMemory request was completed. (0x12B)
[0618/152702.574:ERROR:process_memory_win.cc(73)] ReadMemory at 0x21211a9ab60 of 60 bytes failed: Only part of a ReadProcessMemory or WriteProcessMemory request was completed. (0x12B)
[0618/152702.574:ERROR:process_memory_win.cc(73)] ReadMemory at 0x21211a9abb0 of 62 bytes failed: Only part of a ReadProcessMemory or WriteProcessMemory request was completed. (0x12B)
[0618/152702.574:ERROR:process_memory_win.cc(73)] ReadMemory at 0x21211a9aca0 of 60 bytes failed: Only part of a ReadProcessMemory or WriteProcessMemory request was completed. (0x12B)
[0618/152702.574:ERROR:process_memory_win.cc(73)] ReadMemory at 0x21211a9acf0 of 62 bytes failed: Only part of a ReadProcessMemory or WriteProcessMemory request was completed. (0x12B)
[0618/152702.574:ERROR:process_memory_win.cc(73)] ReadMemory at 0x21211a9ad40 of 64 bytes failed: Only part of a ReadProcessMemory or WriteProcessMemory request was completed. (0x12B)
[0618/152702.574:ERROR:process_memory_win.cc(73)] ReadMemory at 0x21211a9ad90 of 62 bytes failed: Only part of a ReadProcessMemory or WriteProcessMemory request was completed. (0x12B)
[0618/152702.574:ERROR:process_memory_win.cc(73)] ReadMemory at 0x21211a9ade0 of 62 bytes failed: Only part of a ReadProcessMemory or WriteProcessMemory request was completed. (0x12B)
[0618/152702.574:ERROR:process_memory_win.cc(73)] ReadMemory at 0x21211a9ae30 of 64 bytes failed: Only part of a ReadProcessMemory or WriteProcessMemory request was completed. (0x12B)
[0618/152702.574:ERROR:process_memory_win.cc(73)] ReadMemory at 0x21211a9ae80 of 62 bytes failed: Only part of a ReadProcessMemory or WriteProcessMemory request was completed. (0x12B)
[0618/152702.574:ERROR:process_memory_win.cc(73)] ReadMemory at 0x21211a9aed0 of 62 bytes failed: Only part of a ReadProcessMemory or WriteProcessMemory request was completed. (0x12B)
[0618/152702.574:ERROR:process_memory_win.cc(73)] ReadMemory at 0x21211a9af20 of 58 bytes failed: Only part of a ReadProcessMemory or WriteProcessMemory request was completed. (0x12B)
[0618/152702.575:ERROR:process_memory_win.cc(73)] ReadMemory at 0x21211a9af70 of 66 bytes failed: Only part of a ReadProcessMemory or WriteProcessMemory request was completed. (0x12B)
[0618/152702.575:ERROR:process_memory_win.cc(73)] ReadMemory at 0x21211a9afc0 of 64 bytes failed: Only part of a ReadProcessMemory or WriteProcessMemory request was completed. (0x12B)
[0618/152702.575:ERROR:process_memory_win.cc(73)] ReadMemory at 0x21211a9b010 of 64 bytes failed: Only part of a ReadProcessMemory or WriteProcessMemory request was completed. (0x12B)
[0618/152702.575:ERROR:process_memory_win.cc(73)] ReadMemory at 0x21211a9b060 of 64 bytes failed: Only part of a ReadProcessMemory or WriteProcessMemory request was completed. (0x12B)
[0618/152702.575:ERROR:process_memory_win.cc(73)] ReadMemory at 0x21211a9b780 of 80 bytes failed: Only part of a ReadProcessMemory or WriteProcessMemory request was completed. (0x12B)
[0618/152702.575:ERROR:process_memory_win.cc(73)] ReadMemory at 0x21211a9ba20 of 76 bytes failed: Only part of a ReadProcessMemory or WriteProcessMemory request was completed. (0x12B)
[0618/152702.686:ERROR:process_memory_win.cc(73)] ReadMemory at 0x21211a9e130 of 132 bytes failed: Only part of a ReadProcessMemory or WriteProcessMemory request was completed. (0x12B)
[0618/152702.686:ERROR:process_memory_win.cc(73)] ReadMemory at 0x21211a9e4d0 of 132 bytes failed: Only part of a ReadProcessMemory or WriteProcessMemory request was completed. (0x12B)
[0618/152702.686:ERROR:process_memory_win.cc(73)] ReadMemory at 0x21211a9ebb0 of 132 bytes failed: Only part of a ReadProcessMemory or WriteProcessMemory request was completed. (0x12B)
[0618/152702.686:ERROR:process_memory_win.cc(73)] ReadMemory at 0x21211a9edd0 of 132 bytes failed: Only part of a ReadProcessMemory or WriteProcessMemory request was completed. (0x12B)
[0618/152702.686:ERROR:process_memory_win.cc(73)] ReadMemory at 0x21211aa04d0 of 132 bytes failed: Only part of a ReadProcessMemory or WriteProcessMemory request was completed. (0x12B)
[0618/152702.686:ERROR:process_memory_win.cc(73)] ReadMemory at 0x21211aa0600 of 132 bytes failed: Only part of a ReadProcessMemory or WriteProcessMemory request was completed. (0x12B)
[0618/152702.687:ERROR:process_memory_win.cc(73)] ReadMemory at 0x21211aa0b90 of 146 bytes failed: Only part of a ReadProcessMemory or WriteProcessMemory request was completed. (0x12B)
[0618/152702.687:ERROR:process_memory_win.cc(73)] ReadMemory at 0x21211aa2410 of 512 bytes failed: Only part of a ReadProcessMemory or WriteProcessMemory request was completed. (0x12B)
[0618/152702.687:ERROR:process_memory_win.cc(73)] ReadMemory at 0x21211aa4300 of 132 bytes failed: Only part of a ReadProcessMemory or WriteProcessMemory request was completed. (0x12B)
[0618/152702.687:ERROR:process_memory_win.cc(73)] ReadMemory at 0x21211aa4430 of 132 bytes failed: Only part of a ReadProcessMemory or WriteProcessMemory request was completed. (0x12B)
[0618/152702.687:ERROR:process_memory_win.cc(73)] ReadMemory at 0x21211aa4690 of 132 bytes failed: Only part of a ReadProcessMemory or WriteProcessMemory request was completed. (0x12B)
[0618/152702.687:ERROR:process_memory_win.cc(73)] ReadMemory at 0x21211aa47c0 of 132 bytes failed: Only part of a ReadProcessMemory or WriteProcessMemory request was completed. (0x12B)
[0618/152702.687:ERROR:process_memory_win.cc(73)] ReadMemory at 0x21211aa48f0 of 132 bytes failed: Only part of a ReadProcessMemory or WriteProcessMemory request was completed. (0x12B)
[0618/152702.687:ERROR:process_memory_win.cc(73)] ReadMemory at 0x21211aa4a20 of 132 bytes failed: Only part of a ReadProcessMemory or WriteProcessMemory request was completed. (0x12B)
[0618/152702.687:ERROR:process_memory_win.cc(73)] ReadMemory at 0x21211aa4b50 of 132 bytes failed: Only part of a ReadProcessMemory or WriteProcessMemory request was completed. (0x12B)
[0618/152702.688:ERROR:process_memory_win.cc(73)] ReadMemory at 0x21211aa4c80 of 132 bytes failed: Only part of a ReadProcessMemory or WriteProcessMemory request was completed. (0x12B)
[0618/152702.688:ERROR:process_memory_win.cc(73)] ReadMemory at 0x21211aa4db0 of 132 bytes failed: Only part of a ReadProcessMemory or WriteProcessMemory request was completed. (0x12B)
[0618/152702.688:ERROR:process_memory_win.cc(73)] ReadMemory at 0x21211aa4ee0 of 132 bytes failed: Only part of a ReadProcessMemory or WriteProcessMemory request was completed. (0x12B)
[0618/152702.688:ERROR:process_memory_win.cc(73)] ReadMemory at 0x21211aa5010 of 132 bytes failed: Only part of a ReadProcessMemory or WriteProcessMemory request was completed. (0x12B)
[0618/152702.688:ERROR:process_memory_win.cc(73)] ReadMemory at 0x21211aa5140 of 132 bytes failed: Only part of a ReadProcessMemory or WriteProcessMemory request was completed. (0x12B)
[0618/152702.688:ERROR:process_memory_win.cc(73)] ReadMemory at 0x21211aa6020 of 132 bytes failed: Only part of a ReadProcessMemory or WriteProcessMemory request was completed. (0x12B)
[0618/152702.688:ERROR:process_memory_win.cc(73)] ReadMemory at 0x21211aa6150 of 132 bytes failed: Only part of a ReadProcessMemory or WriteProcessMemory request was completed. (0x12B)
[0618/152702.688:ERROR:process_memory_win.cc(73)] ReadMemory at 0x21211aa6740 of 132 bytes failed: Only part of a ReadProcessMemory or WriteProcessMemory request was completed. (0x12B)
[0618/152702.688:ERROR:process_memory_win.cc(73)] ReadMemory at 0x21211aa6870 of 132 bytes failed: Only part of a ReadProcessMemory or WriteProcessMemory request was completed. (0x12B)
[0618/152702.689:ERROR:process_memory_win.cc(73)] ReadMemory at 0x21211aa6d30 of 132 bytes failed: Only part of a ReadProcessMemory or WriteProcessMemory request was completed. (0x12B)
[0618/152702.689:ERROR:process_memory_win.cc(73)] ReadMemory at 0x21211aa6e60 of 132 bytes failed: Only part of a ReadProcessMemory or WriteProcessMemory request was completed. (0x12B)
[0618/152702.689:ERROR:process_memory_win.cc(73)] ReadMemory at 0x21211aa6f90 of 132 bytes failed: Only part of a ReadProcessMemory or WriteProcessMemory request was completed. (0x12B)
[0618/152702.689:ERROR:process_memory_win.cc(73)] ReadMemory at 0x21211aa76b0 of 132 bytes failed: Only part of a ReadProcessMemory or WriteProcessMemory request was completed. (0x12B)
[0618/152702.689:ERROR:process_memory_win.cc(73)] ReadMemory at 0x21211aa77e0 of 132 bytes failed: Only part of a ReadProcessMemory or WriteProcessMemory request was completed. (0x12B)
[0618/152702.689:ERROR:process_memory_win.cc(73)] ReadMemory at 0x21211aa7910 of 132 bytes failed: Only part of a ReadProcessMemory or WriteProcessMemory request was completed. (0x12B)
[0618/152702.689:ERROR:process_memory_win.cc(73)] ReadMemory at 0x21211aa92c0 of 66 bytes failed: Only part of a ReadProcessMemory or WriteProcessMemory request was completed. (0x12B)
[0618/152702.689:ERROR:process_memory_win.cc(73)] ReadMemory at 0x21211aa9310 of 62 bytes failed: Only part of a ReadProcessMemory or WriteProcessMemory request was completed. (0x12B)
[0618/152702.689:ERROR:process_memory_win.cc(73)] ReadMemory at 0x21211aa9450 of 64 bytes failed: Only part of a ReadProcessMemory or WriteProcessMemory request was completed. (0x12B)
[0618/152702.689:ERROR:process_memory_win.cc(73)] ReadMemory at 0x21211aa94a0 of 60 bytes failed: Only part of a ReadProcessMemory or WriteProcessMemory request was completed. (0x12B)
[0618/152702.690:ERROR:process_memory_win.cc(73)] ReadMemory at 0x21211aa94f0 of 64 bytes failed: Only part of a ReadProcessMemory or WriteProcessMemory request was completed. (0x12B)
[0618/152702.690:ERROR:process_memory_win.cc(73)] ReadMemory at 0x21211aa9590 of 62 bytes failed: Only part of a ReadProcessMemory or WriteProcessMemory request was completed. (0x12B)
[0618/152702.690:ERROR:process_memory_win.cc(73)] ReadMemory at 0x21211aa9810 of 60 bytes failed: Only part of a ReadProcessMemory or WriteProcessMemory request was completed. (0x12B)
[0618/152702.690:ERROR:process_memory_win.cc(73)] ReadMemory at 0x21211abdcd0 of 512 bytes failed: Only part of a ReadProcessMemory or WriteProcessMemory request was completed. (0x12B)
[0618/152702.690:ERROR:process_memory_win.cc(73)] ReadMemory at 0x21211abef50 of 512 bytes failed: Only part of a ReadProcessMemory or WriteProcessMemory request was completed. (0x12B)
[0618/152702.690:ERROR:process_memory_win.cc(73)] ReadMemory at 0x21211d3efd8 of 512 bytes failed: Only part of a ReadProcessMemory or WriteProcessMemory request was completed. (0x12B)
[0618/152702.690:ERROR:process_memory_win.cc(73)] ReadMemory at 0x21211d434c0 of 512 bytes failed: Only part of a ReadProcessMemory or WriteProcessMemory request was completed. (0x12B)
[0618/152702.690:ERROR:process_memory_win.cc(73)] ReadMemory at 0x21211d4a2b0 of 512 bytes failed: Only part of a ReadProcessMemory or WriteProcessMemory request was completed. (0x12B)
[0618/152702.690:ERROR:process_memory_win.cc(73)] ReadMemory at 0x21211d4e730 of 712 bytes failed: Only part of a ReadProcessMemory or WriteProcessMemory request was completed. (0x12B)
[0618/152702.690:ERROR:process_memory_win.cc(73)] ReadMemory at 0x21211d5f140 of 512 bytes failed: Only part of a ReadProcessMemory or WriteProcessMemory request was completed. (0x12B)
[0618/152702.731:ERROR:process_memory_win.cc(73)] ReadMemory at 0x21211df20c0 of 512 bytes failed: Only part of a ReadProcessMemory or WriteProcessMemory request was completed. (0x12B)
[0618/152702.731:ERROR:process_memory_win.cc(73)] ReadMemory at 0x21211df2a00 of 512 bytes failed: Only part of a ReadProcessMemory or WriteProcessMemory request was completed. (0x12B)
[0618/152702.731:ERROR:process_memory_win.cc(73)] ReadMemory at 0x21211df40a0 of 512 bytes failed: Only part of a ReadProcessMemory or WriteProcessMemory request was completed. (0x12B)
[0618/152702.731:ERROR:process_memory_win.cc(73)] ReadMemory at 0x21213b9a810 of 512 bytes failed: Only part of a ReadProcessMemory or WriteProcessMemory request was completed. (0x12B)
[0618/152702.732:ERROR:process_memory_win.cc(73)] ReadMemory at 0x21213bd3598 of 512 bytes failed: Only part of a ReadProcessMemory or WriteProcessMemory request was completed. (0x12B)
[0618/152702.732:ERROR:process_memory_win.cc(73)] ReadMemory at 0x21213bd3bc8 of 512 bytes failed: Only part of a ReadProcessMemory or WriteProcessMemory request was completed. (0x12B)
[0618/152702.732:ERROR:process_memory_win.cc(73)] ReadMemory at 0x21214924730 of 512 bytes failed: Only part of a ReadProcessMemory or WriteProcessMemory request was completed. (0x12B)
[0618/152702.978:ERROR:process_memory_win.cc(73)] ReadMemory at 0x21214a1f1b0 of 512 bytes failed: Only part of a ReadProcessMemory or WriteProcessMemory request was completed. (0x12B)
[0618/152702.980:ERROR:process_memory_win.cc(73)] ReadMemory at 0x21214a214f0 of 512 bytes failed: Only part of a ReadProcessMemory or WriteProcessMemory request was completed. (0x12B)
[0618/152702.980:ERROR:process_memory_win.cc(73)] ReadMemory at 0x212166570f0 of 512 bytes failed: Only part of a ReadProcessMemory or WriteProcessMemory request was completed. (0x12B)
[0618/152702.981:ERROR:process_memory_win.cc(73)] ReadMemory at 0x21216e92000 of 400 bytes failed: Only part of a ReadProcessMemory or WriteProcessMemory request was completed. (0x12B)
[0618/152702.981:ERROR:process_memory_win.cc(73)] ReadMemory at 0x21218a08090 of 512 bytes failed: Only part of a ReadProcessMemory or WriteProcessMemory request was completed. (0x12B)
[0618/152702.981:ERROR:process_memory_win.cc(73)] ReadMemory at 0x21218bb2120 of 512 bytes failed: Only part of a ReadProcessMemory or WriteProcessMemory request was completed. (0x12B)
[0618/152702.981:ERROR:process_memory_win.cc(73)] ReadMemory at 0x3a5500000000 of 384 bytes failed: Only part of a ReadProcessMemory or WriteProcessMemory request was completed. (0x12B)
[0618/152702.981:ERROR:process_memory_win.cc(73)] ReadMemory at 0x3a5571db75fd of 512 bytes failed: Only part of a ReadProcessMemory or WriteProcessMemory request was completed. (0x12B)
[0618/152702.981:ERROR:process_memory_win.cc(73)] ReadMemory at 0x7ffdc1f89e1c of 512 bytes failed: Only part of a ReadProcessMemory or WriteProcessMemory request was completed. (0x12B)
[0618/152702.982:ERROR:process_memory_win.cc(73)] ReadMemory at 0x7ffdc24c038c of 512 bytes failed: Only part of a ReadProcessMemory or WriteProcessMemory request was completed. (0x12B)
[0618/152702.982:ERROR:process_memory_win.cc(73)] ReadMemory at 0x7ffdc64e2c6c of 512 bytes failed: Only part of a ReadProcessMemory or WriteProcessMemory request was completed. (0x12B)
[0618/152702.982:ERROR:process_memory_win.cc(73)] ReadMemory at 0x7ffdc6954400 of 512 bytes failed: Only part of a ReadProcessMemory or WriteProcessMemory request was completed. (0x12B)
[0618/152702.982:ERROR:process_memory_win.cc(73)] ReadMemory at 0x7ffe2229a308 of 512 bytes failed: Only part of a ReadProcessMemory or WriteProcessMemory request was completed. (0x12B)
[0618/152702.982:ERROR:process_memory_win.cc(73)] ReadMemory at 0x7ffe256a79f0 of 512 bytes failed: Only part of a ReadProcessMemory or WriteProcessMemory request was completed. (0x12B)
[0618/152702.982:ERROR:process_memory_win.cc(73)] ReadMemory at 0x7ffe256a82e0 of 512 bytes failed: Only part of a ReadProcessMemory or WriteProcessMemory request was completed. (0x12B)
[0618/152703.229:ERROR:process_memory_win.cc(73)] ReadMemory at 0x7ffe256aa0d0 of 512 bytes failed: Only part of a ReadProcessMemory or WriteProcessMemory request was completed. (0x12B)
[0618/152703.229:ERROR:process_memory_win.cc(73)] ReadMemory at 0x7ffe2571a9a4 of 672 bytes failed: Only part of a ReadProcessMemory or WriteProcessMemory request was completed. (0x12B)
[0618/152703.229:ERROR:process_memory_win.cc(73)] ReadMemory at 0x7ffe2571afa4 of 512 bytes failed: Only part of a ReadProcessMemory or WriteProcessMemory request was completed. (0x12B)
[0618/152703.229:ERROR:process_memory_win.cc(73)] ReadMemory at 0x7ffe2571e214 of 608 bytes failed: Only part of a ReadProcessMemory or WriteProcessMemory request was completed. (0x12B)
[0618/152703.229:ERROR:process_memory_win.cc(73)] ReadMemory at 0x7ffe257a01e0 of 18 bytes failed: Only part of a ReadProcessMemory or WriteProcessMemory request was completed. (0x12B)
[0618/152703.229:ERROR:process_memory_win.cc(73)] ReadMemory at 0x7ffe257d65b0 of 40 bytes failed: Only part of a ReadProcessMemory or WriteProcessMemory request was completed. (0x12B)
[0618/152703.229:ERROR:process_memory_win.cc(73)] ReadMemory at 0x7ffe257d6a08 of 48 bytes failed: Only part of a ReadProcessMemory or WriteProcessMemory request was completed. (0x12B)
[0618/152703.230:ERROR:process_memory_win.cc(73)] ReadMemory at 0x7ffe257dc360 of 64 bytes failed: Only part of a ReadProcessMemory or WriteProcessMemory request was completed. (0x12B)
[0618/152709.208:ERROR:scoped_process_suspend.cc(40)] NtResumeProcess: An attempt was made to access an exiting process. (0xc000010a)
[0618/152716.390:ERROR:http_transport_win.cc(276)] WinHttpSendRequest: The operation completed successfully. (0x0)
